--- Copying files at Sun Nov 18 10:53:24 UTC 2018
UPGRADED plugins/workflow-job.jpi : Image version (2.29) is newer than installed version (2.28)
UPGRADED plugins/pipeline-graph-analysis.jpi : Image version (1.9) is newer than installed version (1.7)
UPGRADED plugins/durable-task.jpi : Image version (1.28) is newer than installed version (1.27)
UPGRADED plugins/workflow-api.jpi : Image version (2.32) is newer than installed version (2.31)
UPGRADED plugins/branch-api.jpi : Image version (2.0.21) is newer than installed version (2.0.20)
--- Copying files at Wed Dec 12 13:13:12 UTC 2018
--- Copying files at Wed Dec 12 14:27:27 UTC 2018
--- Copying files at Wed Dec 12 18:21:41 UTC 2018
--- Copying files at Tue Jul  2 22:25:08 UTC 2019
UPGRADED plugins/blueocean-rest-impl.jpi : Image version (1.17.0) is newer than installed version (1.9.0)
UPGRADED plugins/blueocean-bitbucket-pipeline.jpi : Image version (1.17.0) is newer than installed version (1.9.0)
UPGRADED plugins/workflow-job.jpi : Image version (2.33) is newer than installed version (2.29)
UPGRADED plugins/workflow-cps-global-lib.jpi : Image version (2.13) is newer than installed version (2.12)
UPGRADED plugins/blueocean-web.jpi : Image version (1.17.0) is newer than installed version (1.9.0)
UPGRADED plugins/blueocean-pipeline-editor.jpi : Image version (1.17.0) is newer than installed version (1.9.0)
UPGRADED plugins/mercurial.jpi : Image version (2.6) is newer than installed version (2.4)
UPGRADED plugins/cloudbees-bitbucket-branch-source.jpi : Image version (2.4.5) is newer than installed version (2.2.14)
UPGRADED plugins/display-url-api.jpi : Image version (2.3.1) is newer than installed version (2.2.0)
UPGRADED plugins/pipeline-stage-tags-metadata.jpi : Image version (1.3.9) is newer than installed version (1.3.2)
UPGRADED plugins/blueocean-i18n.jpi : Image version (1.17.0) is newer than installed version (1.9.0)
UPGRADED plugins/blueocean-github-pipeline.jpi : Image version (1.17.0) is newer than installed version (1.9.0)
UPGRADED plugins/junit.jpi : Image version (1.28) is newer than installed version (1.26.1)
UPGRADED plugins/workflow-api.jpi : Image version (2.35) is newer than installed version (2.32)
UPGRADED plugins/docker-workflow.jpi : Image version (1.18) is newer than installed version (1.17)
UPGRADED plugins/blueocean-commons.jpi : Image version (1.17.0) is newer than installed version (1.9.0)
UPGRADED plugins/jsch.jpi : Image version (0.1.55) is newer than installed version (0.1.54.2)
UPGRADED plugins/matrix-project.jpi : Image version (1.14) is newer than installed version (1.13)
UPGRADED plugins/blueocean-personalization.jpi : Image version (1.17.0) is newer than installed version (1.9.0)
UPGRADED plugins/cloudbees-folder.jpi : Image version (6.9) is newer than installed version (6.6)
UPGRADED plugins/blueocean.jpi : Image version (1.17.0) is newer than installed version (1.9.0)
UPGRADED plugins/pipeline-input-step.jpi : Image version (2.10) is newer than installed version (2.8)
UPGRADED plugins/workflow-cps.jpi : Image version (2.70) is newer than installed version (2.60)
UPGRADED plugins/credentials-binding.jpi : Image version (1.19) is newer than installed version (1.17)
UPGRADED plugins/blueocean-jira.jpi : Image version (1.17.0) is newer than installed version (1.9.0)
UPGRADED plugins/structs.jpi : Image version (1.19) is newer than installed version (1.17)
UPGRADED plugins/plain-credentials.jpi : Image version (1.5) is newer than installed version (1.4)
UPGRADED plugins/pipeline-build-step.jpi : Image version (2.9) is newer than installed version (2.7)
UPGRADED plugins/blueocean-pipeline-scm-api.jpi : Image version (1.17.0) is newer than installed version (1.9.0)
UPGRADED plugins/variant.jpi : Image version (1.2) is newer than installed version (1.1)
UPGRADED plugins/htmlpublisher.jpi : Image version (1.18) is newer than installed version (1.17)
UPGRADED plugins/blueocean-core-js.jpi : Image version (1.17.0) is newer than installed version (1.9.0)
UPGRADED plugins/blueocean-display-url.jpi : Image version (2.3.0) is newer than installed version (2.2.0)
UPGRADED plugins/credentials.jpi : Image version (2.2.0) is newer than installed version (2.1.18)
UPGRADED plugins/git-client.jpi : Image version (2.8.0) is newer than installed version (2.7.3)
UPGRADED plugins/workflow-multibranch.jpi : Image version (2.21) is newer than installed version (2.20)
UPGRADED plugins/git.jpi : Image version (3.10.0) is newer than installed version (3.9.1)
UPGRADED plugins/pipeline-model-extensions.jpi : Image version (1.3.9) is newer than installed version (1.3.2)
UPGRADED plugins/workflow-basic-steps.jpi : Image version (2.18) is newer than installed version (2.12)
UPGRADED plugins/workflow-durable-task-step.jpi : Image version (2.31) is newer than installed version (2.26)
UPGRADED plugins/blueocean-jwt.jpi : Image version (1.17.0) is newer than installed version (1.9.0)
UPGRADED plugins/ssh-credentials.jpi : Image version (1.17) is newer than installed version (1.14)
UPGRADED plugins/blueocean-autofavorite.jpi : Image version (1.2.4) is newer than installed version (1.2.2)
UPGRADED plugins/blueocean-config.jpi : Image version (1.17.0) is newer than installed version (1.9.0)
UPGRADED plugins/pipeline-model-api.jpi : Image version (1.3.9) is newer than installed version (1.3.2)
UPGRADED plugins/github-api.jpi : Image version (1.95) is newer than installed version (1.92)
UPGRADED plugins/pipeline-model-definition.jpi : Image version (1.3.9) is newer than installed version (1.3.2)
UPGRADED plugins/jackson2-api.jpi : Image version (2.9.9) is newer than installed version (2.9.7.1)
UPGRADED plugins/workflow-support.jpi : Image version (3.3) is newer than installed version (2.22)
UPGRADED plugins/github.jpi : Image version (1.29.4) is newer than installed version (1.29.3)
UPGRADED plugins/pipeline-graph-analysis.jpi : Image version (1.10) is newer than installed version (1.9)
UPGRADED plugins/sse-gateway.jpi : Image version (1.18) is newer than installed version (1.16)
UPGRADED plugins/blueocean-dashboard.jpi : Image version (1.17.0) is newer than installed version (1.9.0)
UPGRADED plugins/blueocean-events.jpi : Image version (1.17.0) is newer than installed version (1.9.0)
UPGRADED plugins/script-security.jpi : Image version (1.60) is newer than installed version (1.48)
UPGRADED plugins/blueocean-rest.jpi : Image version (1.17.0) is newer than installed version (1.9.0)
UPGRADED plugins/mailer.jpi : Image version (1.23) is newer than installed version (1.22)
UPGRADED plugins/jenkins-design-language.jpi : Image version (1.17.0) is newer than installed version (1.9.0)
UPGRADED plugins/branch-api.jpi : Image version (2.5.2) is newer than installed version (2.0.21)
UPGRADED plugins/blueocean-pipeline-api-impl.jpi : Image version (1.17.0) is newer than installed version (1.9.0)
UPGRADED plugins/workflow-step-api.jpi : Image version (2.20) is newer than installed version (2.16)
UPGRADED plugins/matrix-auth.jpi : Image version (2.4.2) is newer than installed version (2.3)
UPGRADED plugins/jira.jpi : Image version (3.0.8) is newer than installed version (3.0.5)
UPGRADED plugins/docker-commons.jpi : Image version (1.15) is newer than installed version (1.13)
UPGRADED plugins/github-branch-source.jpi : Image version (2.5.3) is newer than installed version (2.4.1)
UPGRADED plugins/durable-task.jpi : Image version (1.29) is newer than installed version (1.28)
UPGRADED plugins/token-macro.jpi : Image version (2.8) is newer than installed version (2.5)
UPGRADED plugins/blueocean-git-pipeline.jpi : Image version (1.17.0) is newer than installed version (1.9.0)
UPGRADED plugins/handy-uri-templates-2-api.jpi : Image version (2.1.7-1.0) is newer than installed version (2.1.6-1.0)
UPGRADED plugins/scm-api.jpi : Image version (2.5.1) is newer than installed version (2.3.0)
UPGRADED plugins/workflow-scm-step.jpi : Image version (2.9) is newer than installed version (2.7)
--- Copying files at Thu Jul 11 15:09:55 UTC 2019
--- Copying files at Sat Jul 13 19:25:18 UTC 2019
--- Copying files at Tue Aug 20 07:18:44 UTC 2019
--- Copying files at Tue Aug 20 11:51:03 UTC 2019
--- Copying files at Wed Aug 21 07:27:53 UTC 2019
--- Copying files at Fri Aug 23 08:59:23 UTC 2019
--- Copying files at Fri Aug 23 12:32:23 UTC 2019
--- Copying files at Sat Aug 24 09:01:07 UTC 2019
--- Copying files at Sat Aug 24 09:08:35 UTC 2019
UPGRADED plugins/blueocean-rest-impl.jpi : Image version (1.18.1) is newer than installed version (1.17.0)
UPGRADED plugins/blueocean-bitbucket-pipeline.jpi : Image version (1.18.1) is newer than installed version (1.17.0)
UPGRADED plugins/workflow-job.jpi : Image version (2.34) is newer than installed version (2.33)
UPGRADED plugins/workflow-cps-global-lib.jpi : Image version (2.15) is newer than installed version (2.13)
UPGRADED plugins/blueocean-web.jpi : Image version (1.18.1) is newer than installed version (1.17.0)
UPGRADED plugins/blueocean-pipeline-editor.jpi : Image version (1.18.1) is newer than installed version (1.17.0)
UPGRADED plugins/mercurial.jpi : Image version (2.8) is newer than installed version (2.6)
UPGRADED plugins/cloudbees-bitbucket-branch-source.jpi : Image version (2.4.6) is newer than installed version (2.4.5)
UPGRADED plugins/display-url-api.jpi : Image version (2.3.2) is newer than installed version (2.3.1)
UPGRADED plugins/blueocean-i18n.jpi : Image version (1.18.1) is newer than installed version (1.17.0)
UPGRADED plugins/blueocean-github-pipeline.jpi : Image version (1.18.1) is newer than installed version (1.17.0)
UPGRADED plugins/workflow-api.jpi : Image version (2.36) is newer than installed version (2.35)
UPGRADED plugins/docker-workflow.jpi : Image version (1.19) is newer than installed version (1.18)
UPGRADED plugins/blueocean-commons.jpi : Image version (1.18.1) is newer than installed version (1.17.0)
UPGRADED plugins/jsch.jpi : Image version (0.1.55.1) is newer than installed version (0.1.55)
UPGRADED plugins/blueocean-personalization.jpi : Image version (1.18.1) is newer than installed version (1.17.0)
UPGRADED plugins/blueocean.jpi : Image version (1.18.1) is newer than installed version (1.17.0)
UPGRADED plugins/workflow-cps.jpi : Image version (2.73) is newer than installed version (2.70)
UPGRADED plugins/credentials-binding.jpi : Image version (1.20) is newer than installed version (1.19)
UPGRADED plugins/blueocean-jira.jpi : Image version (1.18.1) is newer than installed version (1.17.0)
UPGRADED plugins/structs.jpi : Image version (1.20) is newer than installed version (1.19)
UPGRADED plugins/blueocean-pipeline-scm-api.jpi : Image version (1.18.1) is newer than installed version (1.17.0)
UPGRADED plugins/variant.jpi : Image version (1.3) is newer than installed version (1.2)
UPGRADED plugins/blueocean-core-js.jpi : Image version (1.18.1) is newer than installed version (1.17.0)
UPGRADED plugins/credentials.jpi : Image version (2.2.1) is newer than installed version (2.2.0)
UPGRADED plugins/git-client.jpi : Image version (2.8.1) is newer than installed version (2.8.0)
UPGRADED plugins/git-server.jpi : Image version (1.8) is newer than installed version (1.7)
UPGRADED plugins/git.jpi : Image version (3.12.0) is newer than installed version (3.10.0)
UPGRADED plugins/workflow-durable-task-step.jpi : Image version (2.33) is newer than installed version (2.31)
UPGRADED plugins/blueocean-jwt.jpi : Image version (1.18.1) is newer than installed version (1.17.0)
UPGRADED plugins/ssh-credentials.jpi : Image version (1.17.1) is newer than installed version (1.17)
UPGRADED plugins/blueocean-config.jpi : Image version (1.18.1) is newer than installed version (1.17.0)
UPGRADED plugins/jackson2-api.jpi : Image version (2.9.9.1) is newer than installed version (2.9.9)
UPGRADED plugins/sse-gateway.jpi : Image version (1.19) is newer than installed version (1.18)
UPGRADED plugins/blueocean-dashboard.jpi : Image version (1.18.1) is newer than installed version (1.17.0)
UPGRADED plugins/blueocean-events.jpi : Image version (1.18.1) is newer than installed version (1.17.0)
UPGRADED plugins/pubsub-light.jpi : Image version (1.13) is newer than installed version (1.12)
UPGRADED plugins/script-security.jpi : Image version (1.62) is newer than installed version (1.60)
UPGRADED plugins/blueocean-rest.jpi : Image version (1.18.1) is newer than installed version (1.17.0)
UPGRADED plugins/mailer.jpi : Image version (1.24) is newer than installed version (1.23)
UPGRADED plugins/jenkins-design-language.jpi : Image version (1.18.1) is newer than installed version (1.17.0)
UPGRADED plugins/branch-api.jpi : Image version (2.5.4) is newer than installed version (2.5.2)
UPGRADED plugins/blueocean-pipeline-api-impl.jpi : Image version (1.18.1) is newer than installed version (1.17.0)
UPGRADED plugins/jira.jpi : Image version (3.0.9) is newer than installed version (3.0.8)
UPGRADED plugins/github-branch-source.jpi : Image version (2.5.6) is newer than installed version (2.5.3)
UPGRADED plugins/durable-task.jpi : Image version (1.30) is newer than installed version (1.29)
UPGRADED plugins/blueocean-git-pipeline.jpi : Image version (1.18.1) is newer than installed version (1.17.0)
UPGRADED plugins/scm-api.jpi : Image version (2.6.3) is newer than installed version (2.5.1)
--- Copying files at Sat Aug 24 09:19:11 UTC 2019
--- Copying files at Sat Aug 24 10:36:33 UTC 2019
--- Copying files at Sun Aug 25 13:49:44 UTC 2019
--- Copying files at Mon Aug 26 07:16:04 UTC 2019
UPGRADED plugins/git-client.jpi : Image version (2.8.2) is newer than installed version (2.8.1)
--- Copying files at Tue Aug 27 10:03:36 UTC 2019
--- Copying files at Mon Dec 16 13:19:32 UTC 2019
